INFO - [♥] Lovely 0.7.1
INFO - [♥] Game directory is at "C:\\Program Files (x86)\\Steam\\steamapps\\common\\Balatro"
INFO - [♥] Writing logs to "C:\\Users\\zande\\AppData\\Roaming\\Balatro\\Mods\\lovely\\log"
INFO - [♥] Using mod directory at "C:\\Users\\zande\\AppData\\Roaming\\Balatro\\Mods"
WARN - [♥] Unknown key `patches.21.?.match_indent` found in patch file at "C:\\Users\\zande\\AppData\\Roaming\\Balatro\\Mods\\Cryptid\\lovely\\code.toml", ignoring it
WARN - [♥] Unknown key `patches.17.?.match_indent` found in patch file at "C:\\Users\\zande\\AppData\\Roaming\\Balatro\\Mods\\HandyBalatro\\lovely.toml", ignoring it
WARN - [♥] Unknown key `patches.17.?.overwrite` found in patch file at "C:\\Users\\zande\\AppData\\Roaming\\Balatro\\Mods\\HandyBalatro\\lovely.toml", ignoring it
WARN - [♥] Unknown key `patches.9.?.match_indent` found in patch file at "C:\\Users\\zande\\AppData\\Roaming\\Balatro\\Mods\\Jen\\lovely.toml", ignoring it
WARN - [♥] Unknown key `patches.10.?.match_indent` found in patch file at "C:\\Users\\zande\\AppData\\Roaming\\Balatro\\Mods\\Jen\\lovely.toml", ignoring it
WARN - [♥] Unknown key `patches.49.?.match_indent` found in patch file at "C:\\Users\\zande\\AppData\\Roaming\\Balatro\\Mods\\Talisman\\lovely.toml", ignoring it
WARN - [♥] Unknown key `patches.52.?.match_indent` found in patch file at "C:\\Users\\zande\\AppData\\Roaming\\Balatro\\Mods\\Talisman\\lovely.toml", ignoring it
INFO - [♥] Cleaning up dumps directory at "C:\\Users\\zande\\AppData\\Roaming\\Balatro\\Mods\\lovely\\dump"
INFO - [♥] Initialization complete in 1037ms
INFO - [♥] Applied 1 patch to 'conf.lua'
WARN - [♥] Pattern 'G.ARGS.score_intensity.organ = G.video_organ or G.ARGS.score_intensity.required_score > 0 and math.max(math.min(0.4, 0.1*math.log(G.ARGS.score_intensity.earned_score/(G.ARGS.score_intensity.required_score+1), 5)),0.) or 0' on target 'main.lua' for pattern patch from Talisman\lovely.toml resulted in no matches
WARN - [♥] Pattern 'if type(G.GAME.current_round.current_hand.chips) ~= \'number\' or type(G.GAME.current_round.current_hand.mult) ~= \'number\' then' on target 'main.lua' for pattern patch from Talisman\lovely.toml resulted in no matches
WARN - [♥] Pattern 'assert(load(nfs.read(Saturn.PATH .. \"/core/logic/hide_played.lua\")))()' on target 'main.lua' for pattern patch from Cartomancer\lovely\saturn-compat.toml resulted in no matches
WARN - [♥] Pattern 'modded and {' on target 'main.lua' for pattern patch from Cartomancer\lovely\stackable-deck-steamodded-0.9.8.toml resulted in no matches
INFO - [♥] Applied 41 patches to 'main.lua'
INFO - [♥] Applied 3 patches to 'engine/string_packer.lua'
INFO - [♥] Applied 19 patches to 'engine/controller.lua'
INFO - [♥] Applied 21 patches to 'back.lua'
INFO - [♥] Applied 18 patches to 'tag.lua'
INFO - [♥] Applied 1 patch to 'engine/node.lua'
INFO - [♥] Applied 3 patches to 'engine/moveable.lua'
INFO - [♥] Applied 3 patches to 'engine/sprite.lua'
INFO - [♥] Applied 2 patches to 'engine/animatedsprite.lua'
WARN - [♥] Pattern 'assembled_string = assembled_string..(type(subpart) == \'string\' and subpart or args.vars[tonumber(subpart[1])] or \'ERROR\')' on target 'functions/misc_functions.lua' for pattern patch from Talisman\lovely.toml resulted in no matches
WARN - [♥] Pattern 'G.ARGS.score_intensity.organ = G.video_organ or G.ARGS.score_intensity.required_score > 0 and math.max(math.min(0.4, 0.1*math.log(G.ARGS.score_intensity.earned_score/(G.ARGS.score_intensity.required_score+1), 5)),0.) or 0' on target 'functions/misc_functions.lua' for pattern patch from Jen\lovely.toml resulted in no matches
INFO - [♥] Applied 64 patches to 'functions/misc_functions.lua'
WARN - [♥] Pattern 'for i = 1, 2 do' on target 'game.lua' for pattern patch from Cryptid\lovely\stake.toml resulted in no matches
WARN - [♥] Pattern 'create_shop_card_ui(card, \'Voucher\', G.shop_vouchers)' on target 'game.lua' for pattern patch from Cryptid\lovely\stake.toml resulted in no matches
WARN - [♥] Pattern 'self.GAME.current_round.voucher = G.SETTINGS.tutorial_progress and G.SETTINGS.tutorial_progress.forced_voucher or SMODS.get_next_vouchers()' on target 'game.lua' for pattern patch from Cryptid\lovely\very_fair.toml resulted in no matches
WARN - [♥] Pattern 'self.GAME.current_round.voucher = G.SETTINGS.tutorial_progress and G.SETTINGS.tutorial_progress.forced_voucher or get_next_voucher_key()' on target 'game.lua' for pattern patch from Cryptid\lovely\Voucher.toml resulted in no matches
WARN - [♥] Pattern 'if Big:new(G.GAME.chips) >= Big:new(G.GAME.blind.chips) or G.GAME.current_round.hands_left < 1 then' on target 'game.lua' for pattern patch from NotJustYet\lovely.toml resulted in no matches
WARN - [♥] Pattern 'if to_big(G.GAME.chips) >= to_big(G.GAME.blind.chips) or G.GAME.current_round.hands_left <= 0 then' on target 'game.lua' for pattern patch from NotJustYet\lovely.toml resulted in no matches
WARN - [♥] Pattern 'if G.GAME.chips - G.GAME.blind.chips >= 0 or G.GAME.current_round.hands_left < 1 then' on target 'game.lua' for pattern patch from Talisman\lovely.toml resulted in no matches
WARN - [♥] Regex 'card\\:start_materialize\\(\\)\\n\\s+G\\.shop_vouchers\\:emplace\\(card\\)\\n\\s+end' on target 'game.lua' for regex patch from Cryptid\lovely\Voucher.toml resulted in no matches
WARN - [♥] Regex 'self\.jokers = CardArea' on target 'game.lua' for regex patch from BalatroMultiplayer\lovely\shared_area.toml resulted in 2 matches, wanted 1
WARN - [♥] Ignoring excess matches
INFO - [♥] Applied 120 patches to 'game.lua'
INFO - [♥] Applied 4 patches to 'globals.lua'
WARN - [♥] Pattern 'self.config.chosen = true' on target 'engine/ui.lua' for pattern patch from Cartomancer\lovely\vanilla-ui.toml resulted in no matches
INFO - [♥] Applied 7 patches to 'engine/ui.lua'
WARN - [♥] Pattern 'G.GAME.shop.joker_max*1.02*G.CARD_W,' on target 'functions/UI_definitions.lua' for pattern patch from Cryptid\lovely\equilibrium.toml resulted in no matches
WARN - [♥] Pattern '{n=G.UIT.T, config={text = G.GAME.hands[handname].chips, scale = 0.45, colour = G.C.UI.TEXT_LIGHT}},' on target 'functions/UI_definitions.lua' for pattern patch from Talisman\lovely.toml resulted in no matches
WARN - [♥] Pattern '{n=G.UIT.T, config={text = G.GAME.hands[handname].mult, scale = 0.45, colour = G.C.UI.TEXT_LIGHT}}' on target 'functions/UI_definitions.lua' for pattern patch from Talisman\lovely.toml resulted in no matches
WARN - [♥] Pattern '{n=G.UIT.C, config={align = \"cm\", padding = 0.01, r = 0.1, colour = G.C.HAND_LEVELS[to_big(math.min(7, G.GAME.hands[handname].level)):to_number()], minw = 1.5, outline = 0.8, outline_colour = G.C.WHITE}, nodes={' on target 'functions/UI_definitions.lua' for pattern patch from Jen\lovely.toml resulted in no matches
WARN - [♥] Pattern 'button = not G.SETTINGS.tutorial_complete and \"start_run\" or \"setup_run\"' on target 'functions/UI_definitions.lua' for pattern patch from Jen\lovely.toml resulted in no matches
WARN - [♥] Pattern 'label = {localize(\'b_play_cap\')}' on target 'functions/UI_definitions.lua' for pattern patch from Jen\lovely.toml resulted in no matches
WARN - [♥] Pattern '          {n=G.UIT.R, config={id = \'run_info_button\', align = \"cm\", minh = 1.75, minw = 1.5,padding = 0.05, r = 0.1, hover = true, colour = G.C.RED, button = \"run_info\", shadow = true}, nodes={\n            {n=G.UIT.R, config={align = \"cm\", padding = 0, maxw = 1.4}, nodes={\n              {n=G.UIT.T, config={text = localize(\'b_run_info_1\'), scale = 1.2*scale, colour = G.C.UI.TEXT_LIGHT, shadow = true}}\n            }},\n            {n=G.UIT.R, config={align = \"cm\", padding = 0, maxw = 1.4}, nodes={\n              {n=G.UIT.T, config={text = localize(\'b_run_info_2\'), scale = 1*scale, colour = G.C.UI.TEXT_LIGHT, shadow = true, focus_args = {button = G.F_GUIDE and \'guide\' or \'back\', orientation = \'bm\'}, func = \'set_button_pip\'}}\n            }}\n          }},\n' on target 'functions/UI_definitions.lua' for pattern patch from Jen\lovely.toml resulted in no matches
WARN - [♥] Pattern '            contents.round = {\n              {n=G.UIT.R, config={align = \"cm\"}, nodes={\n                {n=G.UIT.C, config={id = \'hud_hands\',align = \"cm\", padding = 0.05, minw = 1.45, colour = temp_col, emboss = 0.05, r = 0.1}, nodes={\n                  {n=G.UIT.R, config={align = \"cm\", minh = 0.33, maxw = 1.35}, nodes={\n                    {n=G.UIT.T, config={text = localize(\'k_hud_hands\'), scale = 0.85*scale, colour = G.C.UI.TEXT_LIGHT, shadow = true}},\n                  }},\n                  {n=G.UIT.R, config={align = \"cm\", r = 0.1, minw = 1.2, colour = temp_col2}, nodes={\n                    {n=G.UIT.O, config={object = DynaText({string = {{ref_table = G.GAME.current_round, ref_value = \'hands_left\'}}, font = G.LANGUAGES[\'en-us\'].font, colours = {G.C.BLUE},shadow = true, rotate = true, scale = 2*scale}),id = \'hand_UI_count\'}},\n                  }}\n                }},\n                {n=G.UIT.C, config={minw = spacing},nodes={}},\n                {n=G.UIT.C, config={align = \"cm\", padding = 0.05, minw = 1.45, colour = temp_col, emboss = 0.05, r = 0.1}, nodes={\n                  {n=G.UIT.R, config={align = \"cm\", minh = 0.33, maxw = 1.35}, nodes={\n                    {n=G.UIT.T, config={text = localize(\'k_hud_discards\'), scale = 0.85*scale, colour = G.C.UI.TEXT_LIGHT, shadow = true}},\n                  }},\n                  {n=G.UIT.R, config={align = \"cm\"}, nodes={\n                    {n=G.UIT.R, config={align = \"cm\", r = 0.1, minw = 1.2, colour = temp_col2}, nodes={\n                      {n=G.UIT.O, config={object = DynaText({string = {{ref_table = G.GAME.current_round, ref_value = \'discards_left\'}}, font = G.LANGUAGES[\'en-us\'].font, colours = {G.C.RED},shadow = true, rotate = true, scale = 2*scale}),id = \'discard_UI_count\'}},\n                    }}\n                  }},\n                }},\n              }},\n              {n=G.UIT.R, config={minh = spacing},nodes={}},\n              {n=G.UIT.R, config={align = \"cm\"}, nodes={\n                {n=G.UIT.C, config={align = \"cm\", padding = 0.05, minw = 1.45*2 + spacing, minh = 1.15, colour = temp_col, emboss = 0.05, r = 0.1}, nodes={\n                  {n=G.UIT.R, config={align = \"cm\"}, nodes={\n                    {n=G.UIT.C, config={align = \"cm\", r = 0.1, minw = 1.28*2+spacing, minh = 1, colour = temp_col2}, nodes={\n                      {n=G.UIT.O, config={object = DynaText({string = {{ref_table = G.GAME, ref_value = \'dollars\', prefix = localize(\'$\')}},\n                            scale_function = function ()\n                                return scale_number(G.GAME.dollars, 2.2 * scale, 99999, 1000000)\n                            end, maxw = 1.35, colours = {G.C.MONEY}, font = G.LANGUAGES[\'en-us\'].font, shadow = true,spacing = 2, bump = true, scale = 2.2*scale}), id = \'dollar_text_UI\'}}\n                  }},\n                  }},\n                }},\n            }},\n            {n=G.UIT.R, config={minh = spacing},nodes={}},\n            {n=G.UIT.R, config={align = \"cm\"}, nodes={\n              {n=G.UIT.C, config={id = \'hud_ante\',align = \"cm\", padding = 0.05, minw = 1.45, minh = 1, colour = temp_col, emboss = 0.05, r = 0.1}, nodes={\n                {n=G.UIT.R, config={align = \"cm\", minh = 0.33, maxw = 1.35}, nodes={\n                  {n=G.UIT.T, config={text = localize(\'k_ante\'), scale = 0.85*scale, colour = G.C.UI.TEXT_LIGHT, shadow = true}},\n                }},\n                {n=G.UIT.R, config={align = \"cm\", r = 0.1, minw = 1.2, colour = temp_col2}, nodes={\n                  {n=G.UIT.O, config={object = DynaText({string = {{ref_table = G.GAME.round_resets, ref_value = \'ante_disp\'}}, colours = {G.C.IMPORTANT},shadow = true, font = G.LANGUAGES[\'en-us\'].font, scale = scale_number(G.GAME.round_resets.ante, 2*scale, 100)}),id = \'ante_UI_count\'}},--{n=G.UIT.T, config={text = number_format(G.GAME.round_resets.ante), lang = G.LANGUAGES[\'en-us\'], scale = scale_number(G.GAME.round_resets.ante, 2*scale, 100), colour = G.C.IMPORTANT, shadow = true,id = \'ante_UI_count\'}},\n                  {n=G.UIT.T, config={text = \" \", scale = 0.3*scale}},\n                  {n=G.UIT.T, config={text = \"/ \", scale = 0.7*scale, colour = G.C.WHITE, shadow = true}},\n                  {n=G.UIT.T, config={ref_table = G.GAME, ref_value=\'win_ante\', scale = scale, colour = G.C.WHITE, shadow = true}}\n                }},\n              }},\n              {n=G.UIT.C, config={minw = spacing},nodes={}},\n              {n=G.UIT.C, config={align = \"cm\", padding = 0.05, minw = 1.45, minh = 1, colour = temp_col, emboss = 0.05, r = 0.1}, nodes={\n                {n=G.UIT.R, config={align = \"cm\", maxw = 1.35}, nodes={\n                  {n=G.UIT.T, config={text = localize(\'k_round\'), minh = 0.33, scale = 0.85*scale, colour = G.C.UI.TEXT_LIGHT, shadow = true}},\n                }},\n                {n=G.UIT.R, config={align = \"cm\", r = 0.1, minw = 1.2, colour = temp_col2, id = \'row_round_text\'}, nodes={\n                  {n=G.UIT.O, config={object = DynaText({string = {{ref_table = G.GAME, ref_value = \'round\'}}, colours = {G.C.IMPORTANT},shadow = true, scale = 2*scale}),id = \'round_UI_count\'}},\n                }},\n              }},\n            }},            \n    }' on target 'functions/UI_definitions.lua' for pattern patch from Jen\lovely.toml resulted in no matches
INFO - [♥] Applied 152 patches to 'functions/UI_definitions.lua'
WARN - [♥] Pattern 'ease_to = G.GAME.chips + math.floor(hand_chips * mult) * (e and e.antiscore and -1 or 1),' on target 'functions/state_events.lua' for pattern patch from Cryptid\lovely\blind.toml resulted in no matches
WARN - [♥] Pattern 'if reps[j] ~= 1 then' on target 'functions/state_events.lua' for pattern patch from Cryptid\lovely\misc.toml resulted in no matches
WARN - [♥] Pattern 'for i=1, #G.jokers.cards + #G.consumeables.cards do' on target 'functions/state_events.lua' for pattern patch from Cryptid\lovely\misc.toml resulted in no matches
WARN - [♥] Pattern 'local effects = {[1] = {playing_card = G.hand.cards[i]:get_end_of_round_effect()}}' on target 'functions/state_events.lua' for pattern patch from Cryptid\lovely\stake.toml resulted in no matches
WARN - [♥] Pattern 'G.GAME.current_round.voucher = get_next_voucher_key()' on target 'functions/state_events.lua' for pattern patch from Cryptid\lovely\sticker.toml resulted in no matches
WARN - [♥] Pattern 'G.GAME.current_round.voucher = get_next_voucher_key()' on target 'functions/state_events.lua' for pattern patch from Cryptid\lovely\Voucher.toml resulted in no matches
WARN - [♥] Pattern 'if effects[ii].card then' on target 'functions/state_events.lua' for pattern patch from Talisman\lovely.toml resulted in no matches
WARN - [♥] Pattern 'if effects.jokers.Xmult_mod then mult = mod_mult(mult*effects.jokers.Xmult_mod);extras.mult = true  end' on target 'functions/state_events.lua' for pattern patch from Talisman\lovely.toml resulted in no matches
WARN - [♥] Pattern 'if effect.Xmult_mod then mult = mod_mult(mult*effect.Xmult_mod);extras.mult = true  end' on target 'functions/state_events.lua' for pattern patch from Talisman\lovely.toml resulted in no matches
WARN - [♥] Pattern 'if effects[ii].message then' on target 'functions/state_events.lua' for pattern patch from Talisman\lovely.toml resulted in no matches
WARN - [♥] Pattern '--calculate the card edition effects' on target 'functions/state_events.lua' for pattern patch from Talisman\lovely.toml resulted in no matches
WARN - [♥] Pattern 'if effects[ii].edition.p_dollars_mod then' on target 'functions/state_events.lua' for pattern patch from Talisman\lovely.toml resulted in no matches
WARN - [♥] Pattern 'if edition_effects.jokers.x_mult_mod then' on target 'functions/state_events.lua' for pattern patch from Talisman\lovely.toml resulted in no matches
WARN - [♥] Pattern 'if SMODS.has_enhancement(scoring_hand[i], \'m_glass\') and not scoring_hand[i].debuff and pseudorandom(\'glass\') < G.GAME.probabilities.normal/(scoring_hand[i].ability.name == \'Glass Card\' and scoring_hand[i].ability.extra or G.P_CENTERS.m_glass.config.extra) then' on target 'functions/state_events.lua' for pattern patch from Cryptid\lovely\Probability.toml resulted in no matches
WARN - [♥] Regex '(?<indent>[\\t ]*)if destroyed then \\n' on target 'functions/state_events.lua' for regex patch from Cryptid\lovely\seal.toml resulted in no matches
WARN - [♥] Pattern 'local dollars = 0\n\nif G.GAME.chips - G.GAME.blind.chips >= 0 then' on target 'functions/state_events.lua' for pattern patch from BalatroMultiplayer\lovely\game.toml resulted in no matches
WARN - [♥] Regex 'to_big\\(hand_chips\\)\\*mult' on target 'functions/state_events.lua' for regex patch from Jen\lovely.toml resulted in no matches
INFO - [♥] Applied 92 patches to 'functions/state_events.lua'
WARN - [♥] Pattern '{n=G.UIT.T, config={text = localize(\'$\')..config.dollars, scale = 1.2*scale, colour = G.C.WHITE, shadow = true, juice = true}}' on target 'functions/common_events.lua' for pattern patch from Cryptid\lovely\code.toml resulted in no matches
WARN - [♥] Pattern 'G.shop_jokers.T.w = G.GAME.shop.joker_max*1.01*G.CARD_W' on target 'functions/common_events.lua' for pattern patch from Cryptid\lovely\equilibrium.toml resulted in no matches
WARN - [♥] Pattern 'function generate_card_ui(_c, full_UI_table, specific_vars, card_type, badges, hide_desc, main_start, main_end)' on target 'functions/common_events.lua' for pattern patch from Cryptid\lovely\lib_misc.toml resulted in no matches
WARN - [♥] Pattern 'elseif v.boss.showdown and (G.GAME.round_resets.ante)%G.GAME.win_ante == 0 and G.GAME.round_resets.ante >= 2 then' on target 'functions/common_events.lua' for pattern patch from Cryptid\lovely\stake.toml resulted in no matches
WARN - [♥] Pattern 'if num_dollars > 60 then' on target 'functions/common_events.lua' for pattern patch from Talisman\lovely.toml resulted in no matches
WARN - [♥] Pattern 'func = (function() if eval_func(card) then if not first or first then card:juice_up(0.1, 0.1) end;juice_card_until(card, eval_func, nil, 0.8) end return true end)' on target 'functions/common_events.lua' for pattern patch from Talisman\lovely.toml resulted in no matches
WARN - [♥] Pattern 'G.hand_text_area.hand_level.config.colour = G.C.HAND_LEVELS[to_big(math.min(vals.level, 7)):to_number()]' on target 'functions/common_events.lua' for pattern patch from Jen\lovely.toml resulted in no matches
WARN - [♥] Pattern 'colours = {(to_big(G.GAME.hands[cfg.hand_type].level)==to_big(1) and G.C.UI.TEXT_DARK or G.C.HAND_LEVELS[to_big(math.min(7, G.GAME.hands[cfg.hand_type].level)):to_number()])}' on target 'functions/common_events.lua' for pattern patch from Jen\lovely.toml resulted in no matches
WARN - [♥] Pattern 'if context.cardarea == G.play then' on target 'functions/common_events.lua' for pattern patch from Jen\lovely.toml resulted in no matches
WARN - [♥] Pattern '        local chips = card:get_chip_bonus()\n        if chips > 0 then \n            ret.chips = chips\n        end\n\n        local mult = card:get_chip_mult()\n        if mult > 0 then \n            ret.mult = mult\n        end\n' on target 'functions/common_events.lua' for pattern patch from Jen\lovely.toml resulted in no matches
INFO - [♥] Applied 194 patches to 'functions/common_events.lua'
WARN - [♥] Pattern 'if ((G.GAME.dollars-G.GAME.bankrupt_at) - 10 >= 0) and' on target 'functions/button_callbacks.lua' for pattern patch from Talisman\lovely.toml resulted in no matches
WARN - [♥] Pattern 'if #G.hand.highlighted <= 0 or G.GAME.blind.block_play or #G.hand.highlighted > 5 then' on target 'functions/button_callbacks.lua' for pattern patch from CardSleeves\lovely\expected_to_fail.toml resulted in no matches
INFO - [♥] Applied 83 patches to 'functions/button_callbacks.lua'
WARN - [♥] Pattern 'if G.GAME.blind and G.GAME.blind.in_blind then G.E_MANAGER:add_event(Event({ func = function() G.GAME.blind:set_blind(nil, true, nil); return true end })) end' on target 'card.lua' for pattern patch from smods\lovely\calculate_card_added.toml resulted in 2 matches, wanted 1
WARN - [♥] Ignoring excess matches
WARN - [♥] Pattern 'if self.ability.name == \'Campfire\' and G.GAME.blind.boss and not (G.GAME.blind.config and G.GAME.blind.config.bonus) and self.ability.x_mult > 1 then' on target 'card.lua' for pattern patch from Cryptid\lovely\misc.toml resulted in no matches
WARN - [♥] Pattern 'if self.ability.name:find(\'Arcana\') then' on target 'card.lua' for pattern patch from Cryptid\lovely\misprint.toml resulted in no matches
WARN - [♥] Pattern 'if self.ability.name == \'The Hermit\' or self.ability.consumeable.hand_type or self.ability.name == \'Temperance\' or self.ability.name == \'Black Hole\' then' on target 'card.lua' for pattern patch from Cryptid\lovely\stake.toml resulted in no matches
WARN - [♥] Pattern 'if self.ability.queue_negative_removal then' on target 'card.lua' for pattern patch from Cryptid\lovely\sticker.toml resulted in no matches
WARN - [♥] Pattern 'G.GAME.current_round.voucher = nil' on target 'card.lua' for pattern patch from Cryptid\lovely\Voucher.toml resulted in no matches
WARN - [♥] Pattern 'Xmult_mod = G.P_CENTERS.v_observatory.config.extra' on target 'card.lua' for pattern patch from Incantation\lovely.toml resulted in no matches
WARN - [♥] Pattern 'if G.GAME.blind then G.E_MANAGER:add_event(Event({ func = function() G.GAME.blind:set_blind(nil, true, nil); return true end })) end' on target 'card.lua' for pattern patch from Talisman\lovely.toml resulted in no matches
WARN - [♥] Pattern 'x_mult = center.config.Xmult or 1,' on target 'card.lua' for pattern patch from Talisman\lovely.toml resulted in no matches
WARN - [♥] Pattern 'elseif self.ability.name == \'Business Card\' then loc_vars = {\'\'..(G.GAME and G.GAME.probabilities.normal or 1), self.ability.extra}' on target 'card.lua' for pattern patch from Cryptid\lovely\Probability.toml resulted in no matches
WARN - [♥] Pattern 'pseudorandom(\'business\') < G.GAME.probabilities.normal/self.ability.extra then' on target 'card.lua' for pattern patch from Cryptid\lovely\Probability.toml resulted in no matches
WARN - [♥] Pattern 'local currentBack = self.params.viewed_back and G.GAME.viewed_back or G.GAME.selected_back' on target 'card.lua' for pattern patch from Galdur\lovely.toml resulted in no matches
WARN - [♥] Regex 'self.params.viewed_back and G.GAME.viewed_back or G.GAME.selected_back' on target 'card.lua' for regex patch from CardSleeves\lovely\expected_to_fail.toml resulted in no matches
INFO - [♥] Applied 264 patches to 'card.lua'
WARN - [♥] Pattern 'local stay_flipped = G.GAME and G.GAME.blind and G.GAME.blind:stay_flipped(self, card)' on target 'cardarea.lua' for pattern patch from Cartomancer\lovely\limit-deck-size.toml resulted in no matches
INFO - [♥] Applied 28 patches to 'cardarea.lua'
INFO - [♥] Applied 41 patches to 'blind.lua'
INFO - [♥] Applied 2 patches to 'card_character.lua'
INFO - [♥] Applied 6 patches to 'engine/text.lua'
INFO - [♥] Applied 6 patches to '=[SMODS _ "src/utils.lua"]'
INFO - [♥] Applied 8 patches to '=[SMODS _ "src/overrides.lua"]'
INFO - [♥] Applied 1 patch to '=[SMODS _ "src/game_object.lua"]'
INFO - [G] Failed to connect to the debug server 
INFO - [G] 2025-04-16 13:13:09 :: DEBUG :: DebugConsole :: Steamodded Debug Socket started ! 
INFO - [G] 2025-04-16 13:13:09 :: INFO  :: SMODS :: Steamodded v1.0.0~BETA-0330a 
INFO - [G] [Blueprint] Starting to load config 
INFO - [G] [Blueprint] Reading config file:  
INFO - [G] [Blueprint] return {
	["INTERNAL_debug"] = false,
	["hello"] = true,
} 
INFO - [♥] Applied 9 patches to 'engine/sound_manager.lua'
INFO - [♥] Applied 3 patches to 'engine/save_manager.lua'
INFO - [♥] Applied 3 patches to 'engine/string_packer.lua'
INFO - [G] Loaded all Blueprint mod shaders successfully 
INFO - [G] {
  [1] = table: 0x074c1ab0   {
     [1] = 0.99607843137255,
     [2] = 0.37254901960784,
     [3] = 0.33333333333333,
     [4] = 1,
   },
  [2] = table: 0x074c1b00   {
     [1] = 0,
     [2] = 0.6156862745098,
     [3] = 1,
     [4] = 1,
   },
} 
INFO - [♥] Applied 4 patches to '=[SMODS _ "src/card_draw.lua"]'
INFO - [G] 2025-04-16 13:13:11 :: TRACE :: Loader :: Processing Mod file (Legacy header): Aurinko.lua 
INFO - [G] 2025-04-16 13:13:11 :: TRACE :: Loader :: Saving Mod Info: aurinko 
INFO - [G] 2025-04-16 13:13:11 :: INFO  :: Loader :: Valid JSON file found 
INFO - [G] 2025-04-16 13:13:11 :: TRACE :: Loader :: Processing Mod file (Legacy header): BetterMouseAndGamepad_v1.0.6c.lua 
INFO - [G] 2025-04-16 13:13:11 :: TRACE :: Loader :: Saving Mod Info: BetterMouseAndGamepad 
INFO - [G] 2025-04-16 13:13:11 :: TRACE :: Loader :: Processing Mod file (Legacy header): mod.lua 
INFO - [G] 2025-04-16 13:13:11 :: TRACE :: Loader :: Saving Mod Info: blueprint 
INFO - [G] 2025-04-16 13:13:11 :: INFO  :: Loader :: Valid JSON file found 
INFO - [G] 2025-04-16 13:13:11 :: TRACE :: Loader :: Processing Mod file (Legacy header): mod.lua 
INFO - [G] 2025-04-16 13:13:11 :: TRACE :: Loader :: Saving Mod Info: cartomancer 
INFO - [G] 2025-04-16 13:13:11 :: INFO  :: Loader :: Valid JSON file found 
INFO - [G] 2025-04-16 13:13:11 :: INFO  :: Loader :: Valid JSON file found 
INFO - [G] 2025-04-16 13:13:11 :: INFO  :: Loader :: Valid JSON file found 
INFO - [G] 2025-04-16 13:13:11 :: INFO  :: Loader :: Valid JSON file found 
INFO - [G] 2025-04-16 13:13:11 :: TRACE :: Loader :: Processing Mod file (Legacy header): steamodded.lua 
INFO - [G] 2025-04-16 13:13:11 :: WARN  :: Loader :: Duplicate Mod ID: Handy 
INFO - [G] 2025-04-16 13:13:11 :: INFO  :: Loader :: Valid JSON file found 
INFO - [G] 2025-04-16 13:13:11 :: INFO  :: Loader :: Valid JSON file found 
INFO - [G] 2025-04-16 13:13:11 :: TRACE :: Loader :: Processing Mod file (Legacy header): JenLib.lua 
INFO - [G] 2025-04-16 13:13:11 :: TRACE :: Loader :: Saving Mod Info: JenLib 
INFO - [G] 2025-04-16 13:13:11 :: TRACE :: Loader :: Processing Mod file (Legacy header): LocalPoolFix.lua 
INFO - [G] 2025-04-16 13:13:11 :: TRACE :: Loader :: Saving Mod Info: jen_localpoolfix 
INFO - [G] 2025-04-16 13:13:11 :: TRACE :: Loader :: Processing Mod file (Legacy header): MoreFluff.lua 
INFO - [G] 2025-04-16 13:13:11 :: TRACE :: Loader :: Saving Mod Info: MoreFluff 
INFO - [G] 2025-04-16 13:13:12 :: TRACE :: Loader :: Processing Mod file (Legacy header): MoreJokerPacks.lua 
INFO - [G] 2025-04-16 13:13:12 :: TRACE :: Loader :: Saving Mod Info: MoreJokerPacks 
INFO - [G] 2025-04-16 13:13:12 :: TRACE :: Loader :: Processing Mod file (Legacy header): Nopeus.lua 
INFO - [G] 2025-04-16 13:13:12 :: TRACE :: Loader :: Saving Mod Info: nopeus 
INFO - [G] 2025-04-16 13:13:12 :: TRACE :: Loader :: Processing Mod file (Legacy header): main.lua 
INFO - [G] 2025-04-16 13:13:12 :: TRACE :: Loader :: Saving Mod Info: NotJustYet 
INFO - [G] 2025-04-16 13:13:12 :: TRACE :: Loader :: Processing Mod file (Legacy header): main.lua 
INFO - [G] 2025-04-16 13:13:12 :: TRACE :: Loader :: Saving Mod Info: sdm0sstuff 
INFO - [G] 2025-04-16 13:13:12 :: TRACE :: Loader :: Processing Mod file (Legacy header): steamodded_metadata.lua 
INFO - [G] 2025-04-16 13:13:12 :: TRACE :: Loader :: Saving Mod Info: Talisman 
INFO - [G] 2025-04-16 13:13:12 :: TRACE :: Loader :: Processing Mod file (Legacy header): multipack.lua 
INFO - [G] 2025-04-16 13:13:12 :: TRACE :: Loader :: Saving Mod Info: Multipack 
INFO - [G] 2025-04-16 13:13:12 :: INFO  :: CardSleeves :: CardSleeves v1.7.1 loaded~! 
INFO - [G] basepaul_card 
INFO - [G] clownfish 
INFO - [G] expansion_pack 
INFO - [G] hollow 
INFO - [G] jester 
INFO - [G] lollipop 
INFO - [G] luckycharm 
INFO - [G] monochrome 
INFO - [G] mspaint 
INFO - [G] simplified 
INFO - [G] spiral 
INFO - [G] treasuremap 
INFO - [G] philosophical 
INFO - [G] badlegaldefence 
INFO - [G] clipart 
INFO - [G] dropkick 
INFO - [G] bladedance 
INFO - [G] hyperbeam 
INFO - [G] blasphemy 
INFO - [G] dramaticentrance 
INFO - [G] coupon_catalogue 
INFO - [G] css 
INFO - [G] globe 
INFO - [G] goldencarrot 
INFO - [G] hallofmirrors 
INFO - [G] impostor 
INFO - [G] tonersoup 
INFO - [G] loadeddisk 
INFO - [G] stylemeter 
INFO - [G] teacup 
INFO - [G] recycling 
INFO - [G] virtual 
INFO - [G] bloodpact 
INFO - [G] bowlingball 
INFO - [G] cba 
INFO - [G] fleshprison 
INFO - [G] hugejoker 
INFO - [G] jankman 
INFO - [G] mashupalbum 
INFO - [G] pixeljoker 
INFO - [G] rainbowjoker 
INFO - [G] rosetinted 
INFO - [G] the_solo 
INFO - [G] triangle 
INFO - [G] colorem 
INFO - [G] 2025-04-16 13:13:12 :: WARN  :: Atlas :: Detected duplicate register call on object njy_modicon 
INFO - [G] [CRYPTID] Loading library file ascended.lua 
INFO - [G] [CRYPTID] Loading library file calculate.lua 
INFO - [G] [CRYPTID] Loading library file content.lua 
INFO - [G] [CRYPTID] Loading library file cross-mod.lua 
INFO - [G] [CRYPTID] Loading library file d20.lua 
INFO - [G] [CRYPTID] Loading library file event.lua 
INFO - [G] [CRYPTID] Loading library file gameset.lua 
INFO - [G] [CRYPTID] Loading library file https.lua 
INFO - [G] 2025-04-16 13:13:12 :: DEBUG :: SMODS.https :: Using https module backend 
INFO - [G] [CRYPTID] Loading library file misc.lua 
INFO - [G] [CRYPTID] Loading library file misprintize.lua 
INFO - [G] [CRYPTID] Loading library file modifiers.lua 
INFO - [G] 2025-04-16 13:13:12 :: WARN  :: Sticker :: Detected duplicate register call on object perishable 
INFO - [G] 2025-04-16 13:13:12 :: WARN  :: Sticker :: Detected duplicate register call on object pinned 
INFO - [G] 2025-04-16 13:13:12 :: WARN  :: Sticker :: Detected duplicate register call on object eternal 
INFO - [G] 2025-04-16 13:13:12 :: WARN  :: Sticker :: Detected duplicate register call on object rental 
INFO - [G] [CRYPTID] Loading library file notifications.lua 
INFO - [G] [CRYPTID] Loading library file overrides.lua 
INFO - [G] [CRYPTID] Loading library file ui.lua 
INFO - [G] [CRYPTID] Loading file achievement.lua 
INFO - [G] [CRYPTID] Loading file blind.lua 
INFO - [G] [CRYPTID] Loading file challenge.lua 
INFO - [G] [CRYPTID] Loading file code.lua 
INFO - [♥] Applied 1 patch to '=[SMODS Cryptid "items/code.lua"]'
INFO - [G] [CRYPTID] Loading file deck.lua 
INFO - [G] [CRYPTID] Loading file enhanced.lua 
INFO - [G] [CRYPTID] Loading file epic.lua 
INFO - [G] [CRYPTID] Loading file exotic.lua 
INFO - [G] [CRYPTID] Loading file joker_display.lua 
INFO - [G] [CRYPTID] Loading file m.lua 
INFO - [G] [CRYPTID] Loading file misc.lua 
INFO - [G] [CRYPTID] Loading file misc_joker.lua 
INFO - [G] [CRYPTID] Loading file planet.lua 
INFO - [G] [CRYPTID] Loading file sleeve.lua 
INFO - [G] [CRYPTID] Loading file spectral.lua 
INFO - [G] [CRYPTID] Loading file spooky.lua 
INFO - [G] [CRYPTID] Loading file stake.lua 
INFO - [G] [CRYPTID] Loading file tag.lua 
INFO - [G] [CRYPTID] Loading file test.lua 
INFO - [G] [CRYPTID] Loading file voucher.lua 
INFO - [G] 2025-04-16 13:13:12 :: WARN  :: Atlas :: Object cry_effarcire has the same key as an existing object, not registering. 
INFO - [G] 2025-04-16 13:13:12 :: WARN  :: Atlas :: If you want to modify an existing object, use take_ownership() 
INFO - [G] 2025-04-16 13:13:12 :: DEBUG :: MULTIPLAYER :: Resetting game states 
INFO - [G] 2025-04-16 13:13:12 :: DEBUG :: MULTIPLAYER :: Cryptid compatibility detected 
INFO - [G] 2025-04-16 13:13:12 :: DEBUG :: MULTIPLAYER :: Jen's compatibility detected 
INFO - [G] 2025-04-16 13:13:12 :: WARN  :: Joker :: Cannot take ownership of j_jen_hydrangea: Does not exist. 
INFO - [G] 2025-04-16 13:13:12 :: WARN  :: Joker :: Cannot take ownership of j_jen_kosmos: Does not exist. 
INFO - [G] 2025-04-16 13:13:12 :: WARN  :: Joker :: Cannot take ownership of j_jen_gamingchair: Does not exist. 
INFO - [G] 2025-04-16 13:13:12 :: WARN  :: Joker :: Cannot take ownership of j_cry_carved_pumpkin: Does not exist. 
INFO - [G] 2025-04-16 13:13:12 :: WARN  :: Joker :: Cannot take ownership of j_cry_pumpkin: Does not exist. 
INFO - [G] 2025-04-16 13:13:13 :: TRACE :: MULTIPLAYER :: Client sent message: connect 
INFO - [G] 2025-04-16 13:13:13 :: INFO  :: TIMER :: [0000] Injected Language in 0.001 ms 
INFO - [G] 2025-04-16 13:13:13 :: INFO  :: TIMER :: [0000] Injected [INTERNAL] in 9.695 ms 
INFO - [G] 2025-04-16 13:13:16 :: INFO  :: TIMER :: [0215] Injected Atlas in 2730.989 ms 
INFO - [G] 2025-04-16 13:13:16 :: INFO  :: TIMER :: [0116] Injected Sound in 825.019 ms 
INFO - [G] 2025-04-16 13:13:16 :: INFO  :: TIMER :: [0032] Injected Stake in 1.870 ms 
INFO - [G] 2025-04-16 13:13:16 :: INFO  :: TIMER :: [0016] Injected Rarity in 0.127 ms 
INFO - [G] 2025-04-16 13:13:16 :: INFO  :: TIMER :: [0015] Injected ObjectType in 0.352 ms 
INFO - [G] 2025-04-16 13:13:16 :: INFO  :: TIMER :: [1096] Injected Center in 8.654 ms 
INFO - [G] 2025-04-16 13:13:17 :: INFO  :: TIMER :: [0010] Injected Undiscovered Sprite in 0.010 ms 
INFO - [G] 2025-04-16 13:13:17 :: INFO  :: TIMER :: [0051] Injected Blind in 0.094 ms 
INFO - [G] 2025-04-16 13:13:17 :: INFO  :: TIMER :: [0006] Injected Seal in 0.560 ms 
INFO - [G] 2025-04-16 13:13:17 :: INFO  :: TIMER :: [0004] Injected Suit in 0.943 ms 
INFO - [G] 2025-04-16 13:13:17 :: INFO  :: TIMER :: [0013] Injected Rank in 4.210 ms 
INFO - [G] 2025-04-16 13:13:17 :: INFO  :: TIMER :: [0028] Injected DeckSkin in 4.761 ms 
INFO - [G] 2025-04-16 13:13:17 :: INFO  :: TIMER :: [0016] Injected PokerHand in 1.317 ms 
INFO - [G] 2025-04-16 13:13:17 :: INFO  :: TIMER :: [0049] Injected Challenge in 0.685 ms 
INFO - [G] 2025-04-16 13:13:17 :: INFO  :: TIMER :: [0034] Injected Tag in 0.173 ms 
INFO - [G] 2025-04-16 13:13:17 :: INFO  :: TIMER :: [0012] Injected Sticker in 4.665 ms 
INFO - [G] 2025-04-16 13:13:17 :: INFO  :: TIMER :: [0036] Injected Shader in 793.144 ms 
INFO - [G] 2025-04-16 13:13:17 :: INFO  :: TIMER :: [0002] Injected Keybind in 0.008 ms 
INFO - [G] 2025-04-16 13:13:17 :: INFO  :: TIMER :: [0027] Injected Achievement in 0.055 ms 
INFO - [G] 2025-04-16 13:13:17 :: INFO  :: TIMER :: [0002] Injected nil in 0.011 ms 
INFO - [G] 2025-04-16 13:13:18 :: INFO  :: TIMER :: [0023] Injected Draw Step in 0.050 ms 
INFO - [G] 2025-04-16 13:13:18 :: INFO  :: TIMER :: [0000] Injected [INTERNAL] in 87.176 ms 
INFO - [G] 2025-04-16 13:13:18 :: INFO  :: TIMER :: [0011] Injected Other in 0.015 ms 
INFO - [G] 2025-04-16 13:13:18 :: INFO  :: TIMER :: [0000] Injected nil in 0.001 ms 
INFO - [G] 2025-04-16 13:13:18 :: INFO  :: TIMER :: [0003] Injected nil in 0.013 ms 
INFO - [G] Deleting center : j_mf_colorem 
INFO - [G] Deleting center : j_cry_pity_prize 
INFO - [G] Deleting center : j_cry_formidiulosus 
INFO - [G] Deleting center : j_cry_oil_lamp 
INFO - [G] Deleting center : j_cry_tropical_smoothie 
INFO - [G] Deleting center : j_cry_necromancer 
INFO - [G] Deleting center : j_cry_mask 
INFO - [G] Deleting center : j_cry_exposed 
INFO - [G] Deleting center : j_cry_equilib 
INFO - [G] Deleting center : j_cry_error 
INFO - [G] Deleting center : j_cry_ghost 
INFO - [G] Deleting center : j_cry_copypaste 
INFO - [G] Deleting center : j_cry_crustulum 
INFO - [G] Deleting center : j_sdm_cupidon 
INFO - [G] Deleting center : j_sdm_0 
INFO - [G] Deleting center : p_mupack_favoritepack 
INFO - [G] Deleting center : c_cry_crash 
INFO - [G] Deleting center : c_cry_rework 
INFO - [G] Deleting center : c_cry_multiply 
INFO - [G] Deleting center : c_cry_ctrl_v 
INFO - [G] Deleting center : c_cry_ritual 
INFO - [G] Deleting center : c_cry_adversary 
INFO - [G] Deleting center : c_cry_chambered 
INFO - [G] Deleting center : v_cry_curate 
INFO - [G] Deleting center : b_cry_e_deck 
INFO - [G] Deleting center : b_cry_et_deck 
INFO - [G] Deleting center : b_cry_sk_deck 
INFO - [G] Deleting center : b_cry_st_deck 
INFO - [G] Deleting center : b_cry_sl_deck 
INFO - [G] 2025-04-16 13:13:18 :: TRACE :: MULTIPLAYER :: Setting max stake to 23 
INFO - [G] 2025-04-16 13:13:18 :: TRACE :: MULTIPLAYER :: Client got connected message:  (action: connected)  
INFO - [G] 2025-04-16 13:13:18 :: TRACE :: MULTIPLAYER :: Client sent message: action:username,username:RadicalZed,modHash: 
INFO - [G] 2025-04-16 13:13:18 :: TRACE :: MULTIPLAYER :: Client got version message:  (action: version)  
INFO - [G] 2025-04-16 13:13:18 :: TRACE :: MULTIPLAYER :: Client sent message: action:version,version:0.2.5-MULTIPLAYER 
INFO - [G] 2025-04-16 13:13:18 :: INFO  :: MULTIPLAYER :: Generated Mod Hash: 2801 
INFO - [G] 2025-04-16 13:13:18 :: TRACE :: MULTIPLAYER :: Client sent message: action:username,username:RadicalZed,modHash:BetterMouseAndGamepad-1.0.6c;CardSleeves-1.7.1;Cryptid-0.5.5a~dev2;DebugPlus-1.4.1;Handy-1.4.1a;JenLib-0.4.0;MoreFluff-1.1.0;MoreJokerPacks-0.0.2;Multipack-2.1.0;Multiplayer-0.2.5;NotJustYet-0.5.4;Talisman-2.2.0~dev;aurinko-0.4.14;blueprint-3.2;cartomancer-4.13;galdur-1.2;incantation-0.7.0;jen-0.0.8;jen_localpoolfix-0.0.0;lovely-compat-Trance-0.0.0;nopeus-2.2.5;sdm0sstuff-1.6.4l 
INFO - [G] [DebugPlus] Press [/] to toggle console and press [shift] + [/] to toggle new log previews 
INFO - [♥] Applied 1 patch to '=[SMODS _ "smods-https-thread.lua"]'
INFO - [G] 2025-04-16 13:13:23 :: DEBUG :: SMODS.https(1) :: Using https module backend 
INFO - [G] 2025-04-16 13:13:39 :: TRACE :: MULTIPLAYER :: Client sent message: action:joinLobby,code:SPPIG 
INFO - [G] 2025-04-16 13:13:39 :: TRACE :: MULTIPLAYER :: Client got joinedLobby message:  (type: ruleset_mp_standard)  (action: joinedLobby)  (code: SPPIG)  
INFO - [G] 2025-04-16 13:13:39 :: TRACE :: MULTIPLAYER :: Client sent message: action:syncClient,isCached:false 
INFO - [G] 2025-04-16 13:13:39 :: TRACE :: MULTIPLAYER :: Client sent message: action:lobbyInfo 
INFO - [G] 2025-04-16 13:13:39 :: TRACE :: MULTIPLAYER :: Client got lobbyOptions message:  (no_gold_on_round_loss: false)  (sleeve: sleeve_casl_none)  (different_seeds: false)  (gold_on_life_loss: true)  (starting_lives: 4)  (multiplayer_jokers: true)  (different_decks: false)  (death_on_round_loss: false)  (custom_seed: random)  (stake: 1)  (gamemode: ruleset_mp_standard)  (normal_bosses: true)  (challenge: 0)  (showdown_starting_antes: 3)  (pvp_start_round: 2)  (ruleset: ruleset_mp_standard)  (action: lobbyOptions)  (back: b_jen_obsidian)  
INFO - [G] 2025-04-16 13:13:39 :: TRACE :: MULTIPLAYER :: Client got lobbyInfo message:  (host: MicroToast)  (guestHash: BetterMouseAndGamepad-1.0.6c;CardSleeves-1.7.1;Cryptid-0.5.5a~dev2;DebugPlus-1.4.1;Handy-1.4.1a;JenLib-0.4.0;MoreFluff-1.1.0;MoreJokerPacks-0.0.2;Multipack-2.1.0;Multiplayer-0.2.5;NotJustYet-0.5.4;Talisman-2.2.0~dev;aurinko-0.4.14;blueprint-3.2;cartomancer-4.13;galdur-1.2;incantation-0.7.0;jen-0.0.8;jen_localpoolfix-0.0.0;lovely-compat-Trance-0.0.0;nopeus-2.2.5;sdm0sstuff-1.6.4l)  (guestCached: true)  (guest: RadicalZed)  (hostCached: false)  (action: lobbyInfo)  (hostHash: BetterMouseAndGamepad-1.0.6c;CardSleeves-1.7.1;Cryptid-0.5.5a~dev2;DebugPlus-1.4.1;Handy-1.4.1a;JenLib-0.4.0;MoreFluff-1.1.0;MoreJokerPacks-0.0.2;Multipack-2.1.0;Multiplayer-0.2.5;NotJustYet-0.5.4;Talisman-2.2.0~dev;aurinko-0.4.14;blueprint-3.2;cartomancer-4.13;galdur-1.2;incantation-0.7.0;jen-0.0.8;jen_localpoolfix-0.0.0;lovely-compat-Trance-0.0.0;nopeus-2.2.5;sdm0sstuff-1.6.4l)  (isHost: false)  
INFO - [G] 2025-04-16 13:13:39 :: DEBUG :: MULTIPLAYER :: Resetting game states 
INFO - [G] 2025-04-16 13:13:39 :: TRACE :: MULTIPLAYER :: Client got lobbyOptions message:  (no_gold_on_round_loss: false)  (sleeve: sleeve_casl_none)  (different_seeds: false)  (gold_on_life_loss: true)  (action: lobbyOptions)  (multiplayer_jokers: true)  (different_decks: false)  (death_on_round_loss: false)  (custom_seed: random)  (stake: 1)  (gamemode: ruleset_mp_standard)  (normal_bosses: true)  (starting_lives: 4)  (showdown_starting_antes: 3)  (pvp_start_round: 2)  (ruleset: ruleset_mp_standard)  (challenge: 0)  (back: b_jen_obsidian)  
INFO - [G] 2025-04-16 13:13:40 :: TRACE :: MULTIPLAYER :: Client got lobbyInfo message:  (host: MicroToast)  (guestHash: BetterMouseAndGamepad-1.0.6c;CardSleeves-1.7.1;Cryptid-0.5.5a~dev2;DebugPlus-1.4.1;Handy-1.4.1a;JenLib-0.4.0;MoreFluff-1.1.0;MoreJokerPacks-0.0.2;Multipack-2.1.0;Multiplayer-0.2.5;NotJustYet-0.5.4;Talisman-2.2.0~dev;aurinko-0.4.14;blueprint-3.2;cartomancer-4.13;galdur-1.2;incantation-0.7.0;jen-0.0.8;jen_localpoolfix-0.0.0;lovely-compat-Trance-0.0.0;nopeus-2.2.5;sdm0sstuff-1.6.4l)  (guestCached: false)  (guest: RadicalZed)  (hostCached: false)  (action: lobbyInfo)  (hostHash: BetterMouseAndGamepad-1.0.6c;CardSleeves-1.7.1;Cryptid-0.5.5a~dev2;DebugPlus-1.4.1;Handy-1.4.1a;JenLib-0.4.0;MoreFluff-1.1.0;MoreJokerPacks-0.0.2;Multipack-2.1.0;Multiplayer-0.2.5;NotJustYet-0.5.4;Talisman-2.2.0~dev;aurinko-0.4.14;blueprint-3.2;cartomancer-4.13;galdur-1.2;incantation-0.7.0;jen-0.0.8;jen_localpoolfix-0.0.0;lovely-compat-Trance-0.0.0;nopeus-2.2.5;sdm0sstuff-1.6.4l)  (isHost: false)  
INFO - [G] 2025-04-16 13:13:40 :: TRACE :: MULTIPLAYER :: Client got lobbyOptions message:  (no_gold_on_round_loss: false)  (sleeve: sleeve_casl_none)  (different_seeds: false)  (gold_on_life_loss: true)  (action: lobbyOptions)  (multiplayer_jokers: true)  (different_decks: false)  (death_on_round_loss: false)  (custom_seed: random)  (stake: 1)  (gamemode: ruleset_mp_standard)  (normal_bosses: true)  (starting_lives: 4)  (showdown_starting_antes: 3)  (pvp_start_round: 2)  (ruleset: ruleset_mp_standard)  (challenge: 0)  (back: b_jen_obsidian)  
INFO - [♥] Applied 1 patch to '=[SMODS _ "smods-https-thread.lua"]'
INFO - [G] 2025-04-16 13:14:24 :: DEBUG :: SMODS.https(2) :: Using https module backend 
INFO - [G] 2025-04-16 13:14:28 :: TRACE :: MULTIPLAYER :: Client got startGame message:  (deck: c_multiplayer_1)  (action: startGame)  
INFO - [G] 2025-04-16 13:14:28 :: DEBUG :: MULTIPLAYER :: Resetting game states 
INFO - [G] 2025-04-16 13:14:28 :: TRACE :: MULTIPLAYER :: Client sent message: action:setAnte,ante:0 
INFO - [G] 2025-04-16 13:14:28 :: TRACE :: MULTIPLAYER :: Client got playerInfo message:  (lives: 4)  (action: playerInfo)  
INFO - [G] 2025-04-16 13:14:40 :: TRACE :: MULTIPLAYER :: Client got enemyInfo message:  (skips: 0)  (lives: 4)  (action: enemyInfo)  (handsLeft: 4)  (score: 0)  
INFO - [G] 2025-04-16 13:14:40 :: TRACE :: MULTIPLAYER :: Client got enemyLocation message:  (location: loc_playing-bl_small)  (action: enemyLocation)  
INFO - [G] 2025-04-16 13:14:51 :: TRACE :: MULTIPLAYER :: Client sent message: action:playHand,score:0,handsLeft:4 
INFO - [G] 2025-04-16 13:14:51 :: TRACE :: MULTIPLAYER :: Client sent message: action:newRound 
INFO - [G] 2025-04-16 13:14:51 :: TRACE :: MULTIPLAYER :: Client sent message: action:setLocation,location:loc_playing-bl_small 
INFO - [♥] Applied 1 patch to '=[SMODS _ "smods-https-thread.lua"]'
INFO - [G] 2025-04-16 13:15:25 :: DEBUG :: SMODS.https(3) :: Using https module backend 
INFO - [G] 2025-04-16 13:15:28 :: TRACE :: MULTIPLAYER :: Client got enemyLocation message:  (location: loc_shop)  (action: enemyLocation)  
INFO - [G] 2025-04-16 13:15:31 :: TRACE :: MULTIPLAYER :: Client sent message: action:moneyMoved,amount:5 
INFO - [G] 2025-04-16 13:15:31 :: TRACE :: MULTIPLAYER :: Client sent message: action:setLocation,location:loc_shop 
INFO - [G] 2025-04-16 13:16:15 :: TRACE :: MULTIPLAYER :: Client sent message: action:moneyMoved,amount:-1 
INFO - [G] 2025-04-16 13:16:24 :: TRACE :: MULTIPLAYER :: Client sent message: action:moneyMoved,amount:-5 
INFO - [G] 2025-04-16 13:16:25 :: TRACE :: MULTIPLAYER :: Client got spentLastShop message:  (amount: 0)  (action: spentLastShop)  
INFO - [G] 2025-04-16 13:16:25 :: TRACE :: MULTIPLAYER :: Client got enemyLocation message:  (location: loc_selecting)  (action: enemyLocation)  
INFO - [♥] Applied 1 patch to '=[SMODS _ "smods-https-thread.lua"]'
INFO - [G] 2025-04-16 13:16:26 :: DEBUG :: SMODS.https(4) :: Using https module backend 
INFO - [G] 2025-04-16 13:16:26 :: TRACE :: MULTIPLAYER :: Client got enemyInfo message:  (skips: 0)  (lives: 4)  (action: enemyInfo)  (handsLeft: 4)  (score: 0)  
INFO - [G] 2025-04-16 13:16:26 :: TRACE :: MULTIPLAYER :: Client got enemyLocation message:  (location: loc_playing-bl_big)  (action: enemyLocation)  
INFO - [G] 2025-04-16 13:16:36 :: TRACE :: MULTIPLAYER :: Client sent message: action:spentLastShop,amount:0 
INFO - [G] 2025-04-16 13:16:37 :: TRACE :: MULTIPLAYER :: Client sent message: action:setLocation,location:loc_selecting 
INFO - [G] 2025-04-16 13:16:45 :: TRACE :: MULTIPLAYER :: Client sent message: action:playHand,score:0,handsLeft:4 
INFO - [G] 2025-04-16 13:16:45 :: TRACE :: MULTIPLAYER :: Client sent message: action:newRound 
INFO - [G] 2025-04-16 13:16:45 :: TRACE :: MULTIPLAYER :: Client sent message: action:setLocation,location:loc_playing-bl_big 
INFO - [G] 2025-04-16 13:16:56 :: TRACE :: MULTIPLAYER :: Client got enemyLocation message:  (location: loc_shop)  (action: enemyLocation)  
INFO - [♥] Applied 1 patch to '=[SMODS _ "smods-https-thread.lua"]'
INFO - [G] 2025-04-16 13:17:29 :: DEBUG :: SMODS.https(5) :: Using https module backend 
INFO - [G] 2025-04-16 13:17:39 :: TRACE :: MULTIPLAYER :: Client got spentLastShop message:  (amount: 0)  (action: spentLastShop)  
INFO - [G] 2025-04-16 13:17:40 :: TRACE :: MULTIPLAYER :: Client got enemyLocation message:  (location: loc_selecting)  (action: enemyLocation)  
INFO - [G] 2025-04-16 13:17:43 :: TRACE :: MULTIPLAYER :: Client got enemyInfo message:  (skips: 0)  (lives: 4)  (action: enemyInfo)  (handsLeft: 4)  (score: 0)  
INFO - [G] 2025-04-16 13:17:43 :: TRACE :: MULTIPLAYER :: Client got enemyLocation message:  (location: loc_playing-bl_jen_wee)  (action: enemyLocation)  
INFO - [G] 2025-04-16 13:17:44 :: TRACE :: MULTIPLAYER :: Client sent message: action:moneyMoved,amount:7 
INFO - [G] 2025-04-16 13:17:44 :: TRACE :: MULTIPLAYER :: Client sent message: action:setLocation,location:loc_shop 
INFO - [G] 2025-04-16 13:18:21 :: TRACE :: MULTIPLAYER :: Client got enemyLocation message:  (location: loc_shop)  (action: enemyLocation)  
INFO - [G] 2025-04-16 13:18:27 :: TRACE :: MULTIPLAYER :: Client sent message: action:moneyMoved,amount:-5 
INFO - [♥] Applied 1 patch to '=[SMODS _ "smods-https-thread.lua"]'
INFO - [G] 2025-04-16 13:18:29 :: DEBUG :: SMODS.https(6) :: Using https module backend 
INFO - [G] 2025-04-16 13:18:30 :: TRACE :: MULTIPLAYER :: Client sent message: action:moneyMoved,amount:-5 
INFO - [G] 2025-04-16 13:18:34 :: TRACE :: MULTIPLAYER :: Client sent message: action:spentLastShop,amount:0 
INFO - [G] 2025-04-16 13:18:34 :: TRACE :: MULTIPLAYER :: Client sent message: action:setLocation,location:loc_selecting 
INFO - [G] 2025-04-16 13:18:37 :: TRACE :: MULTIPLAYER :: Client sent message: action:playHand,score:0,handsLeft:4 
INFO - [G] 2025-04-16 13:18:37 :: TRACE :: MULTIPLAYER :: Client sent message: action:newRound 
INFO - [G] 2025-04-16 13:18:37 :: TRACE :: MULTIPLAYER :: Client sent message: action:setLocation,location:loc_playing-bl_jen_wee 
INFO - [G] 2025-04-16 13:19:03 :: TRACE :: MULTIPLAYER :: Client got spentLastShop message:  (amount: 0)  (action: spentLastShop)  
INFO - [G] 2025-04-16 13:19:03 :: TRACE :: MULTIPLAYER :: Client got enemyLocation message:  (location: loc_selecting)  (action: enemyLocation)  
INFO - [G] 2025-04-16 13:19:06 :: TRACE :: MULTIPLAYER :: Client got enemyInfo message:  (skips: 0)  (lives: 4)  (action: enemyInfo)  (handsLeft: 4)  (score: 0)  
INFO - [G] 2025-04-16 13:19:06 :: TRACE :: MULTIPLAYER :: Client got enemyLocation message:  (location: loc_playing-bl_small)  (action: enemyLocation)  
INFO - [♥] Applied 1 patch to '=[SMODS _ "smods-https-thread.lua"]'
INFO - [G] 2025-04-16 13:19:29 :: DEBUG :: SMODS.https(7) :: Using https module backend 
INFO - [G] 2025-04-16 13:19:42 :: TRACE :: MULTIPLAYER :: Client got enemyLocation message:  (location: loc_shop)  (action: enemyLocation)  
INFO - [G] 2025-04-16 13:19:56 :: TRACE :: MULTIPLAYER :: Client sent message: action:setAnte,ante:2 
INFO - [G] 2025-04-16 13:19:58 :: TRACE :: MULTIPLAYER :: Client got spentLastShop message:  (amount: 0)  (action: spentLastShop)  
INFO - [G] 2025-04-16 13:19:58 :: TRACE :: MULTIPLAYER :: Client got enemyLocation message:  (location: loc_selecting)  (action: enemyLocation)  
INFO - [G] 2025-04-16 13:20:00 :: TRACE :: MULTIPLAYER :: Client sent message: action:moneyMoved,amount:4 
INFO - [G] 2025-04-16 13:20:00 :: TRACE :: MULTIPLAYER :: Client got enemyInfo message:  (skips: 0)  (lives: 4)  (action: enemyInfo)  (handsLeft: 4)  (score: 0)  
INFO - [G] 2025-04-16 13:20:00 :: TRACE :: MULTIPLAYER :: Client got enemyLocation message:  (location: loc_playing-bl_big)  (action: enemyLocation)  
INFO - [G] 2025-04-16 13:20:00 :: TRACE :: MULTIPLAYER :: Client sent message: action:setLocation,location:loc_shop 
INFO - [G] 2025-04-16 13:20:18 :: TRACE :: MULTIPLAYER :: Client got enemyLocation message:  (location: loc_shop)  (action: enemyLocation)  
INFO - [♥] Applied 1 patch to '=[SMODS _ "smods-https-thread.lua"]'
INFO - [G] 2025-04-16 13:20:29 :: DEBUG :: SMODS.https(8) :: Using https module backend 
INFO - [G] 2025-04-16 13:21:04 :: TRACE :: MULTIPLAYER :: Client got spentLastShop message:  (amount: 0)  (action: spentLastShop)  
INFO - [G] 2025-04-16 13:21:04 :: TRACE :: MULTIPLAYER :: Client got enemyLocation message:  (location: loc_selecting)  (action: enemyLocation)  
INFO - [G] 2025-04-16 13:21:04 :: TRACE :: MULTIPLAYER :: Client sent message: action:moneyMoved,amount:-4 
INFO - [G] 2025-04-16 13:21:07 :: TRACE :: MULTIPLAYER :: Client sent message: action:spentLastShop,amount:0 
INFO - [G] 2025-04-16 13:21:07 :: TRACE :: MULTIPLAYER :: Client got enemyLocation message:  (location: loc_ready)  (action: enemyLocation)  
INFO - [G] 2025-04-16 13:21:07 :: TRACE :: MULTIPLAYER :: Client sent message: action:setLocation,location:loc_selecting 
INFO - [G] 2025-04-16 13:21:16 :: TRACE :: MULTIPLAYER :: Client sent message: action:playHand,score:0,handsLeft:4 
INFO - [G] 2025-04-16 13:21:16 :: TRACE :: MULTIPLAYER :: Client sent message: action:newRound 
INFO - [G] 2025-04-16 13:21:16 :: TRACE :: MULTIPLAYER :: Client sent message: action:setLocation,location:loc_playing-bl_small 
INFO - [♥] Applied 1 patch to '=[SMODS _ "smods-https-thread.lua"]'
INFO - [G] 2025-04-16 13:21:30 :: DEBUG :: SMODS.https(9) :: Using https module backend 
INFO - [G] 2025-04-16 13:22:21 :: TRACE :: MULTIPLAYER :: Client sent message: action:moneyMoved,amount:10 
INFO - [G] 2025-04-16 13:22:21 :: TRACE :: MULTIPLAYER :: Client sent message: action:setLocation,location:loc_shop 
INFO - [♥] Applied 1 patch to '=[SMODS _ "smods-https-thread.lua"]'
INFO - [G] 2025-04-16 13:22:30 :: DEBUG :: SMODS.https(10) :: Using https module backend 
INFO - [G] 2025-04-16 13:23:03 :: TRACE :: MULTIPLAYER :: Client sent message: action:usedCard,card:p_jen_unopack4 
INFO - [G] 2025-04-16 13:23:03 :: TRACE :: MULTIPLAYER :: Client sent message: action:moneyMoved,amount:-4 
INFO - [G] 2025-04-16 13:23:26 :: TRACE :: MULTIPLAYER :: Client sent message: action:usedCard,card:c_jen_uno_red2 
INFO - [♥] Applied 1 patch to '=[SMODS _ "smods-https-thread.lua"]'
INFO - [G] 2025-04-16 13:23:30 :: DEBUG :: SMODS.https(11) :: Using https module backend 
INFO - [G] 2025-04-16 13:23:39 :: TRACE :: MULTIPLAYER :: Client sent message: action:spentLastShop,amount:0 
INFO - [G] 2025-04-16 13:23:39 :: TRACE :: MULTIPLAYER :: Client sent message: action:setLocation,location:loc_selecting 
INFO - [G] 2025-04-16 13:23:46 :: TRACE :: MULTIPLAYER :: Client sent message: action:playHand,score:0,handsLeft:4 
INFO - [G] 2025-04-16 13:23:46 :: TRACE :: MULTIPLAYER :: Client sent message: action:newRound 
INFO - [G] 2025-04-16 13:23:46 :: TRACE :: MULTIPLAYER :: Client sent message: action:setLocation,location:loc_playing-bl_big 
INFO - [G] 2025-04-16 13:24:27 :: TRACE :: MULTIPLAYER :: Client sent message: action:moneyMoved,amount:11 
INFO - [G] 2025-04-16 13:24:27 :: TRACE :: MULTIPLAYER :: Client sent message: action:setLocation,location:loc_shop 
INFO - [♥] Applied 1 patch to '=[SMODS _ "smods-https-thread.lua"]'
INFO - [G] 2025-04-16 13:24:30 :: DEBUG :: SMODS.https(12) :: Using https module backend 
INFO - [G] 2025-04-16 13:25:11 :: TRACE :: MULTIPLAYER :: Client sent message: action:usedCard,card:p_jen_minispectral1 
INFO - [G] 2025-04-16 13:25:11 :: TRACE :: MULTIPLAYER :: Client sent message: action:moneyMoved,amount:-2 
INFO - [G] 2025-04-16 13:25:20 :: TRACE :: MULTIPLAYER :: Client sent message: action:usedCard,card:c_jen_reverse_hierophant 
INFO - [♥] Applied 1 patch to '=[SMODS _ "smods-https-thread.lua"]'
INFO - [G] 2025-04-16 13:25:31 :: DEBUG :: SMODS.https(13) :: Using https module backend 
INFO - [G] 2025-04-16 13:25:39 :: TRACE :: MULTIPLAYER :: Client sent message: action:moneyMoved,amount:-4 
INFO - [G] 2025-04-16 13:25:55 :: TRACE :: MULTIPLAYER :: Client sent message: action:usedCard,card:Hone 
INFO - [G] 2025-04-16 13:25:55 :: TRACE :: MULTIPLAYER :: Client sent message: action:moneyMoved,amount:-10 
INFO - [G] 2025-04-16 13:25:58 :: TRACE :: MULTIPLAYER :: Client sent message: action:spentLastShop,amount:0 
INFO - [G] 2025-04-16 13:25:58 :: TRACE :: MULTIPLAYER :: Client sent message: action:setLocation,location:loc_selecting 
INFO - [G] 2025-04-16 13:26:00 :: TRACE :: MULTIPLAYER :: Toggling Ready 
INFO - [G] 2025-04-16 13:26:00 :: TRACE :: MULTIPLAYER :: Client sent message: action:setLocation,location:loc_ready 
INFO - [G] 2025-04-16 13:26:00 :: TRACE :: MULTIPLAYER :: Client sent message: action:readyBlind 
INFO - [G] 2025-04-16 13:26:00 :: TRACE :: MULTIPLAYER :: Client got startBlind message:  (action: startBlind)  
INFO - [G] 2025-04-16 13:26:00 :: TRACE :: MULTIPLAYER :: Client sent message: action:playHand,score:0,handsLeft:4 
INFO - [G] 2025-04-16 13:26:00 :: TRACE :: MULTIPLAYER :: Client sent message: action:newRound 
INFO - [G] 2025-04-16 13:26:00 :: TRACE :: MULTIPLAYER :: Client sent message: action:setLocation,location:loc_playing-bl_cry_trick 
INFO - [G] 2025-04-16 13:26:00 :: TRACE :: MULTIPLAYER :: Client got enemyInfo message:  (skips: 0)  (lives: 4)  (action: enemyInfo)  (handsLeft: 4)  (score: 0)  
INFO - [G] 2025-04-16 13:26:00 :: TRACE :: MULTIPLAYER :: Client got enemyLocation message:  (location: loc_playing-bl_cry_trick)  (action: enemyLocation)  
INFO - [♥] Applied 1 patch to '=[SMODS _ "smods-https-thread.lua"]'
INFO - [G] 2025-04-16 13:26:31 :: DEBUG :: SMODS.https(14) :: Using https module backend 
INFO - [G] 2025-04-16 13:26:40 :: TRACE :: MULTIPLAYER :: Client got enemyInfo message:  (skips: 0)  (lives: 4)  (action: enemyInfo)  (handsLeft: 3)  (score: 2980)  
INFO - [G] 2025-04-16 13:26:54 :: TRACE :: MULTIPLAYER :: Client got enemyLocation message:  (location: loc_shop)  (action: enemyLocation)  
INFO - [G] 2025-04-16 13:26:56 :: TRACE :: MULTIPLAYER :: Client sent message: action:playHand,score:8664,handsLeft:3 
INFO - [G] 2025-04-16 13:27:11 :: TRACE :: MULTIPLAYER :: Client sent message: action:playHand,score:10659,handsLeft:2 
INFO - [G] 2025-04-16 13:27:27 :: TRACE :: MULTIPLAYER :: Client sent message: action:setAnte,ante:3 
INFO - [♥] Applied 1 patch to '=[SMODS _ "smods-https-thread.lua"]'
INFO - [G] 2025-04-16 13:27:31 :: DEBUG :: SMODS.https(15) :: Using https module backend 
INFO - [G] 2025-04-16 13:27:31 :: TRACE :: MULTIPLAYER :: Client sent message: action:moneyMoved,amount:13 
INFO - [G] 2025-04-16 13:27:32 :: TRACE :: MULTIPLAYER :: Client sent message: action:setLocation,location:loc_shop 
INFO - [G] 2025-04-16 13:27:50 :: TRACE :: MULTIPLAYER :: Client sent message: action:moneyMoved,amount:-13 
INFO - [G] 2025-04-16 13:27:58 :: TRACE :: MULTIPLAYER :: Client got spentLastShop message:  (amount: 0)  (action: spentLastShop)  
INFO - [G] 2025-04-16 13:27:59 :: TRACE :: MULTIPLAYER :: Client got enemyLocation message:  (location: loc_selecting)  (action: enemyLocation)  
INFO - [G] 2025-04-16 13:28:00 :: TRACE :: MULTIPLAYER :: Client sent message: action:usedCard,card:c_jen_reverse_lovers 
INFO - [G] 2025-04-16 13:28:00 :: TRACE :: MULTIPLAYER :: Client got enemyInfo message:  (skips: 0)  (lives: 4)  (action: enemyInfo)  (handsLeft: 4)  (score: 0)  
INFO - [G] 2025-04-16 13:28:00 :: TRACE :: MULTIPLAYER :: Client got enemyLocation message:  (location: loc_playing-bl_small)  (action: enemyLocation)  
INFO - [G] 2025-04-16 13:28:26 :: TRACE :: MULTIPLAYER :: Client sent message: action:spentLastShop,amount:0 
INFO - [G] 2025-04-16 13:28:26 :: TRACE :: MULTIPLAYER :: Client sent message: action:setLocation,location:loc_selecting 
INFO - [G] 2025-04-16 13:28:27 :: TRACE :: MULTIPLAYER :: Client sent message: action:playHand,score:0,handsLeft:4 
INFO - [G] 2025-04-16 13:28:27 :: TRACE :: MULTIPLAYER :: Client sent message: action:newRound 
INFO - [G] 2025-04-16 13:28:27 :: TRACE :: MULTIPLAYER :: Client sent message: action:setLocation,location:loc_playing-bl_small 
INFO - [G] 2025-04-16 13:28:29 :: TRACE :: MULTIPLAYER :: Client got enemyLocation message:  (location: loc_shop)  (action: enemyLocation)  
INFO - [♥] Applied 1 patch to '=[SMODS _ "smods-https-thread.lua"]'
INFO - [G] 2025-04-16 13:28:31 :: DEBUG :: SMODS.https(16) :: Using https module backend 
INFO - [G] 2025-04-16 13:29:09 :: TRACE :: MULTIPLAYER :: Client sent message: action:moneyMoved,amount:8 
INFO - [G] 2025-04-16 13:29:09 :: TRACE :: MULTIPLAYER :: Client sent message: action:setLocation,location:loc_shop 
INFO - [G] 2025-04-16 13:29:11 :: TRACE :: MULTIPLAYER :: Client got spentLastShop message:  (amount: 0)  (action: spentLastShop)  
INFO - [G] 2025-04-16 13:29:11 :: TRACE :: MULTIPLAYER :: Client got enemyLocation message:  (location: loc_selecting)  (action: enemyLocation)  
INFO - [G] 2025-04-16 13:29:13 :: TRACE :: MULTIPLAYER :: Client got enemyInfo message:  (skips: 0)  (lives: 4)  (action: enemyInfo)  (handsLeft: 4)  (score: 0)  
INFO - [G] 2025-04-16 13:29:13 :: TRACE :: MULTIPLAYER :: Client got enemyLocation message:  (location: loc_playing-bl_big)  (action: enemyLocation)  
INFO - [G] 2025-04-16 13:29:21 :: TRACE :: MULTIPLAYER :: Client sent message: action:moneyMoved,amount:-3 
INFO - [G] 2025-04-16 13:29:24 :: TRACE :: MULTIPLAYER :: Client sent message: action:usedCard,card:Neptune 
INFO - [♥] Applied 1 patch to '=[SMODS _ "smods-https-thread.lua"]'
INFO - [G] 2025-04-16 13:29:32 :: DEBUG :: SMODS.https(17) :: Using https module backend 
INFO - [G] 2025-04-16 13:29:42 :: TRACE :: MULTIPLAYER :: Client sent message: action:usedCard,card:p_cry_code_normal_2 
INFO - [G] 2025-04-16 13:29:42 :: TRACE :: MULTIPLAYER :: Client sent message: action:moneyMoved,amount:-4 
INFO - [G] 2025-04-16 13:30:09 :: TRACE :: MULTIPLAYER :: Client got enemyLocation message:  (location: loc_shop)  (action: enemyLocation)  
INFO - [G] 2025-04-16 13:30:28 :: TRACE :: MULTIPLAYER :: Client sent message: action:spentLastShop,amount:0 
INFO - [G] 2025-04-16 13:30:28 :: TRACE :: MULTIPLAYER :: Client sent message: action:setLocation,location:loc_selecting 
INFO - [G] 2025-04-16 13:30:30 :: TRACE :: MULTIPLAYER :: Client sent message: action:playHand,score:0,handsLeft:4 
INFO - [G] 2025-04-16 13:30:30 :: TRACE :: MULTIPLAYER :: Client sent message: action:newRound 
INFO - [G] 2025-04-16 13:30:30 :: TRACE :: MULTIPLAYER :: Client sent message: action:setLocation,location:loc_playing-bl_big 
INFO - [♥] Applied 1 patch to '=[SMODS _ "smods-https-thread.lua"]'
INFO - [G] 2025-04-16 13:30:32 :: DEBUG :: SMODS.https(18) :: Using https module backend 
INFO - [G] 2025-04-16 13:31:01 :: TRACE :: MULTIPLAYER :: Client sent message: action:moneyMoved,amount:11 
INFO - [G] 2025-04-16 13:31:02 :: TRACE :: MULTIPLAYER :: Client sent message: action:setLocation,location:loc_shop 
INFO - [G] 2025-04-16 13:31:05 :: TRACE :: MULTIPLAYER :: Client sent message: action:usedCard,card:v_cry_stickyhand 
INFO - [G] 2025-04-16 13:31:05 :: TRACE :: MULTIPLAYER :: Client sent message: action:moneyMoved,amount:-10 
INFO - [G] 2025-04-16 13:31:16 :: TRACE :: MULTIPLAYER :: Client sent message: action:moneyMoved,amount:-2 
INFO - [G] 2025-04-16 13:31:16 :: TRACE :: MULTIPLAYER :: Client sent message: action:usedCard,card:c_jen_uno_redqueen 
INFO - [G] 2025-04-16 13:31:26 :: TRACE :: MULTIPLAYER :: Client sent message: action:spentLastShop,amount:0 
INFO - [G] 2025-04-16 13:31:26 :: TRACE :: MULTIPLAYER :: Client sent message: action:setLocation,location:loc_selecting 
INFO - [♥] Applied 1 patch to '=[SMODS _ "smods-https-thread.lua"]'
INFO - [G] 2025-04-16 13:31:32 :: DEBUG :: SMODS.https(19) :: Using https module backend 
INFO - [G] 2025-04-16 13:31:38 :: TRACE :: MULTIPLAYER :: Toggling Ready 
INFO - [G] 2025-04-16 13:31:38 :: TRACE :: MULTIPLAYER :: Client sent message: action:setLocation,location:loc_ready 
INFO - [G] 2025-04-16 13:31:38 :: TRACE :: MULTIPLAYER :: Client sent message: action:readyBlind 
INFO - [G] 2025-04-16 13:32:13 :: TRACE :: MULTIPLAYER :: Client got soldJoker message:  (action: soldJoker)  
INFO - [G] 2025-04-16 13:32:18 :: TRACE :: MULTIPLAYER :: Client got spentLastShop message:  (amount: 0)  (action: spentLastShop)  
INFO - [G] 2025-04-16 13:32:18 :: TRACE :: MULTIPLAYER :: Client got enemyLocation message:  (location: loc_selecting)  (action: enemyLocation)  
INFO - [G] 2025-04-16 13:32:20 :: TRACE :: MULTIPLAYER :: Client got enemyLocation message:  (location: loc_ready)  (action: enemyLocation)  
INFO - [G] 2025-04-16 13:32:20 :: TRACE :: MULTIPLAYER :: Client got startBlind message:  (action: startBlind)  
INFO - [G] 2025-04-16 13:32:20 :: TRACE :: MULTIPLAYER :: Client sent message: action:playHand,score:0,handsLeft:4 
INFO - [G] 2025-04-16 13:32:20 :: TRACE :: MULTIPLAYER :: Client sent message: action:newRound 
INFO - [G] 2025-04-16 13:32:20 :: TRACE :: MULTIPLAYER :: Client sent message: action:setLocation,location:loc_playing-bl_fish 
INFO - [G] 2025-04-16 13:32:20 :: TRACE :: MULTIPLAYER :: Client got enemyInfo message:  (skips: 0)  (lives: 4)  (action: enemyInfo)  (handsLeft: 4)  (score: 0)  
INFO - [G] 2025-04-16 13:32:20 :: TRACE :: MULTIPLAYER :: Client got enemyLocation message:  (location: loc_playing-bl_fish)  (action: enemyLocation)  
INFO - [♥] Applied 1 patch to '=[SMODS _ "smods-https-thread.lua"]'
INFO - [G] 2025-04-16 13:32:32 :: DEBUG :: SMODS.https(20) :: Using https module backend 
INFO - [G] 2025-04-16 13:32:39 :: TRACE :: MULTIPLAYER :: Client sent message: action:playHand,score:10030,handsLeft:3 
INFO - [G] 2025-04-16 13:32:54 :: TRACE :: MULTIPLAYER :: Client sent message: action:playHand,score:16003,handsLeft:2 
INFO - [G] 2025-04-16 13:32:55 :: TRACE :: MULTIPLAYER :: Client got enemyInfo message:  (skips: 0)  (lives: 4)  (action: enemyInfo)  (handsLeft: 3)  (score: 25312)  
INFO - [G] 2025-04-16 13:33:11 :: TRACE :: MULTIPLAYER :: Client sent message: action:playHand,score:19971,handsLeft:1 
INFO - [G] 2025-04-16 13:33:27 :: TRACE :: MULTIPLAYER :: Client sent message: action:playHand,score:32613,handsLeft:0 
INFO - [♥] Applied 1 patch to '=[SMODS _ "smods-https-thread.lua"]'
INFO - [G] 2025-04-16 13:33:33 :: DEBUG :: SMODS.https(21) :: Using https module backend 
INFO - [G] 2025-04-16 13:33:35 :: TRACE :: MULTIPLAYER :: Client got enemyLocation message:  (location: loc_shop)  (action: enemyLocation)  
INFO - [♥] Applied 1 patch to '=[SMODS _ "smods-https-thread.lua"]'
INFO - [G] 2025-04-16 13:34:33 :: DEBUG :: SMODS.https(22) :: Using https module backend 
INFO - [G] 2025-04-16 13:34:51 :: TRACE :: MULTIPLAYER :: Client got spentLastShop message:  (amount: 0)  (action: spentLastShop)  
INFO - [G] 2025-04-16 13:34:51 :: TRACE :: MULTIPLAYER :: Client got enemyLocation message:  (location: loc_selecting)  (action: enemyLocation)  
INFO - [G] 2025-04-16 13:34:55 :: TRACE :: MULTIPLAYER :: Client got enemyInfo message:  (skips: 0)  (lives: 4)  (action: enemyInfo)  (handsLeft: 4)  (score: 0)  
INFO - [G] 2025-04-16 13:34:55 :: TRACE :: MULTIPLAYER :: Client got enemyLocation message:  (location: loc_playing-bl_small)  (action: enemyLocation)  
INFO - [♥] Applied 1 patch to '=[SMODS _ "smods-https-thread.lua"]'
INFO - [G] 2025-04-16 13:35:33 :: DEBUG :: SMODS.https(23) :: Using https module backend 
INFO - [♥] Applied 1 patch to '=[SMODS _ "smods-https-thread.lua"]'
INFO - [G] 2025-04-16 13:36:33 :: DEBUG :: SMODS.https(24) :: Using https module backend 
INFO - [G] 2025-04-16 13:37:06 :: TRACE :: MULTIPLAYER :: Client got stopGame message:  (action: stopGame)  
INFO - [G] 2025-04-16 13:37:06 :: DEBUG :: MULTIPLAYER :: Resetting game states 
INFO - [G] 2025-04-16 13:37:06 :: TRACE :: MULTIPLAYER :: Client got enemyLocation message:  (location: Blind Select)  (action: enemyLocation)  
INFO - [G] 2025-04-16 13:37:16 :: TRACE :: MULTIPLAYER :: Client got lobbyOptions message:  (no_gold_on_round_loss: false)  (sleeve: sleeve_casl_none)  (different_seeds: false)  (gold_on_life_loss: true)  (action: lobbyOptions)  (multiplayer_jokers: true)  (different_decks: false)  (death_on_round_loss: false)  (custom_seed: random)  (stake: 1)  (gamemode: ruleset_mp_standard)  (normal_bosses: false)  (starting_lives: 4)  (showdown_starting_antes: 3)  (pvp_start_round: 2)  (ruleset: ruleset_mp_standard)  (challenge: 0)  (back: b_jen_obsidian)  
INFO - [G] 2025-04-16 13:37:21 :: TRACE :: MULTIPLAYER :: Client got lobbyOptions message:  (no_gold_on_round_loss: false)  (sleeve: sleeve_casl_none)  (different_seeds: false)  (gold_on_life_loss: true)  (action: lobbyOptions)  (multiplayer_jokers: true)  (different_decks: false)  (death_on_round_loss: true)  (custom_seed: random)  (stake: 1)  (gamemode: ruleset_mp_standard)  (normal_bosses: false)  (starting_lives: 4)  (showdown_starting_antes: 3)  (pvp_start_round: 2)  (ruleset: ruleset_mp_standard)  (challenge: 0)  (back: b_jen_obsidian)  
INFO - [♥] Applied 1 patch to '=[SMODS _ "smods-https-thread.lua"]'
INFO - [G] 2025-04-16 13:37:34 :: DEBUG :: SMODS.https(25) :: Using https module backend 
INFO - [G] 2025-04-16 13:37:41 :: TRACE :: MULTIPLAYER :: Client got stopGame message:  (action: stopGame)  
INFO - [G] 2025-04-16 13:37:41 :: TRACE :: MULTIPLAYER :: Client got lobbyInfo message:  (host: RadicalZed)  (hostCached: false)  (action: lobbyInfo)  (hostHash: BetterMouseAndGamepad-1.0.6c;CardSleeves-1.7.1;Cryptid-0.5.5a~dev2;DebugPlus-1.4.1;Handy-1.4.1a;JenLib-0.4.0;MoreFluff-1.1.0;MoreJokerPacks-0.0.2;Multipack-2.1.0;Multiplayer-0.2.5;NotJustYet-0.5.4;Talisman-2.2.0~dev;aurinko-0.4.14;blueprint-3.2;cartomancer-4.13;galdur-1.2;incantation-0.7.0;jen-0.0.8;jen_localpoolfix-0.0.0;lovely-compat-Trance-0.0.0;nopeus-2.2.5;sdm0sstuff-1.6.4l)  (isHost: true)  
INFO - [G] 2025-04-16 13:37:41 :: TRACE :: MULTIPLAYER :: Client sent message: action:lobbyOptions,no_gold_on_round_loss:false,sleeve:sleeve_casl_none,back:b_jen_obsidian,gold_on_life_loss:true,starting_lives:4,multiplayer_jokers:true,different_decks:false,death_on_round_loss:true,custom_seed:random,stake:1,gamemode:ruleset_mp_standard,normal_bosses:false,action:lobbyOptions,showdown_starting_antes:3,ruleset:ruleset_mp_standard,pvp_start_round:2,different_seeds:false,challenge:0 
